<html>
<head>
<title>TestNG:  Surefire test</title>
<link href="../testng.css" rel="stylesheet" type="text/css" />
<link href="../my-testng.css" rel="stylesheet" type="text/css" />

<style type="text/css">
.log { display: none;} 
.stack-trace { display: none;} 
</style>
<script type="text/javascript">
<!--
function flip(e) {
  current = e.style.display;
  if (current == 'block') {
    e.style.display = 'none';
    return 0;
  }
  else {
    e.style.display = 'block';
    return 1;
  }
}

function toggleBox(szDivId, elem, msg1, msg2)
{
  var res = -1;  if (document.getElementById) {
    res = flip(document.getElementById(szDivId));
  }
  else if (document.all) {
    // this is the way old msie versions work
    res = flip(document.all[szDivId]);
  }
  if(elem) {
    if(res == 0) elem.innerHTML = msg1; else elem.innerHTML = msg2;
  }

}

function toggleAllBoxes() {
  if (document.getElementsByTagName) {
    d = document.getElementsByTagName('div');
    for (i = 0; i < d.length; i++) {
      if (d[i].className == 'log') {
        flip(d[i]);
      }
    }
  }
}

// -->
</script>

</head>
<body>
<h2 align='center'>Surefire test</h2><table border='1' align="center">
<tr>
<td>Tests passed/Failed/Skipped:</td><td>6/1/0</td>
</tr><tr>
<td>Started on:</td><td>Wed Jul 20 14:50:37 EDT 2022</td>
</tr>
<tr><td>Total time:</td><td>20 seconds (20772 ms)</td>
</tr><tr>
<td>Included groups:</td><td></td>
</tr><tr>
<td>Excluded groups:</td><td></td>
</tr>
</table><p/>
<small><i>(Hover the method name to see the test class name)</i></small><p/>
<table width='100%' border='1' class='invocation-failed'>
<tr><td colspan='4' align='center'><b>FAILED TESTS</b></td></tr>
<tr><td><b>Test method</b></td>
<td width="30%"><b>Exception</b></td>
<td width="10%"><b>Time (seconds)</b></td>
<td><b>Instance</b></td>
</tr>
<tr>
<td title='pageobjectstests.FormAuthenticationPageTest.formAuthenticationLoginTest()'><b>formAuthenticationLoginTest</b><br>Test class: pageobjectstests.FormAuthenticationPageTest</td>
<td><div><pre>java.lang.AssertionError: expected [You logged into a secure area!
Ã—] but found [You logged into a secure area!
×]
	at pageobjectstests.FormAuthenticationPageTest.formAuthenticationLoginTest(FormAuthenticationPageTest.java:25)
... Removed 36 stack frames</pre></div><a href='#' onClick='toggleBox("stack-trace1460696714", this, "Click to show all stack frames", "Click to hide stack frames")'>Click to show all stack frames</a>
<div class='stack-trace' id='stack-trace1460696714'><pre>java.lang.AssertionError: expected [You logged into a secure area!
Ã—] but found [You logged into a secure area!
×]
	at org.testng.Assert.fail(Assert.java:96)
	at org.testng.Assert.failNotEquals(Assert.java:776)
	at org.testng.Assert.assertEqualsImpl(Assert.java:137)
	at org.testng.Assert.assertEquals(Assert.java:118)
	at org.testng.Assert.assertEquals(Assert.java:453)
	at org.testng.Assert.assertEquals(Assert.java:463)
	at pageobjectstests.FormAuthenticationPageTest.formAuthenticationLoginTest(FormAuthenticationPageTest.java:25)
	at sun.reflect.NativeMethodAccessorImpl.invoke0(Native Method)
	at sun.reflect.NativeMethodAccessorImpl.invoke(NativeMethodAccessorImpl.java:62)
	at sun.reflect.DelegatingMethodAccessorImpl.invoke(DelegatingMethodAccessorImpl.java:43)
	at java.lang.reflect.Method.invoke(Method.java:498)
	at org.testng.internal.MethodInvocationHelper.invokeMethod(MethodInvocationHelper.java:124)
	at org.testng.internal.Invoker.invokeMethod(Invoker.java:583)
	at org.testng.internal.Invoker.invokeTestMethod(Invoker.java:719)
	at org.testng.internal.Invoker.invokeTestMethods(Invoker.java:989)
	at org.testng.internal.TestMethodWorker.invokeTestMethods(TestMethodWorker.java:125)
	at org.testng.internal.TestMethodWorker.run(TestMethodWorker.java:109)
	at org.testng.TestRunner.privateRun(TestRunner.java:648)
	at org.testng.TestRunner.run(TestRunner.java:505)
	at org.testng.SuiteRunner.runTest(SuiteRunner.java:455)
	at org.testng.SuiteRunner.runSequentially(SuiteRunner.java:450)
	at org.testng.SuiteRunner.privateRun(SuiteRunner.java:415)
	at org.testng.SuiteRunner.run(SuiteRunner.java:364)
	at org.testng.SuiteRunnerWorker.runSuite(SuiteRunnerWorker.java:52)
	at org.testng.SuiteRunnerWorker.run(SuiteRunnerWorker.java:84)
	at org.testng.TestNG.runSuitesSequentially(TestNG.java:1208)
	at org.testng.TestNG.runSuitesLocally(TestNG.java:1137)
	at org.testng.TestNG.runSuites(TestNG.java:1049)
	at org.testng.TestNG.run(TestNG.java:1017)
	at org.apache.maven.surefire.testng.TestNGExecutor.run(TestNGExecutor.java:135)
	at org.apache.maven.surefire.testng.TestNGDirectoryTestSuite.executeMulti(TestNGDirectoryTestSuite.java:193)
	at org.apache.maven.surefire.testng.TestNGDirectoryTestSuite.execute(TestNGDirectoryTestSuite.java:94)
	at org.apache.maven.surefire.testng.TestNGProvider.invoke(TestNGProvider.java:146)
	at org.apache.maven.surefire.booter.ForkedBooter.invokeProviderInSameClassLoader(ForkedBooter.java:373)
	at org.apache.maven.surefire.booter.ForkedBooter.runSuitesInProcess(ForkedBooter.java:334)
	at org.apache.maven.surefire.booter.ForkedBooter.execute(ForkedBooter.java:119)
	at org.apache.maven.surefire.booter.ForkedBooter.main(ForkedBooter.java:407)
</pre></div></td>
<td>0</td>
<td>pageobjectstests.FormAuthenticationPageTest@51081592</td></tr>
</table><p>
<table width='100%' border='1' class='invocation-passed'>
<tr><td colspan='4' align='center'><b>PASSED TESTS</b></td></tr>
<tr><td><b>Test method</b></td>
<td width="30%"><b>Exception</b></td>
<td width="10%"><b>Time (seconds)</b></td>
<td><b>Instance</b></td>
</tr>
<tr>
<td title='pageobjectstests.CheckboxesPageTest.clickUnclickCheckboxesTest()'><b>clickUnclickCheckboxesTest</b><br>Test class: pageobjectstests.CheckboxesPageTest</td>
<td></td>
<td>0</td>
<td>pageobjectstests.CheckboxesPageTest@6d00a15d</td></tr>
<tr>
<td title='pageobjectstests.ContextMenuPageTest.contextClickTest()'><b>contextClickTest</b><br>Test class: pageobjectstests.ContextMenuPageTest</td>
<td></td>
<td>0</td>
<td>pageobjectstests.ContextMenuPageTest@51efea79</td></tr>
<tr>
<td title='pageobjectstests.DropDownPageTest.dropDownPageTest()'><b>dropDownPageTest</b><br>Test class: pageobjectstests.DropDownPageTest</td>
<td></td>
<td>0</td>
<td>pageobjectstests.DropDownPageTest@5034c75a</td></tr>
<tr>
<td title='pageobjectstests.HoversPageTest.hoverOverProfileAndClickTest()'><b>hoverOverProfileAndClickTest</b><br>Test class: pageobjectstests.HoversPageTest</td>
<td></td>
<td>0</td>
<td>pageobjectstests.HoversPageTest@9629756</td></tr>
<tr>
<td title='pageobjectstests.FileUploadPageTest.isFileUploadingTest()'><b>isFileUploadingTest</b><br>Test class: pageobjectstests.FileUploadPageTest</td>
<td></td>
<td>0</td>
<td>pageobjectstests.FileUploadPageTest@396a51ab</td></tr>
<tr>
<td title='pageobjectstests.HorizontalSliderPageTest.moveSliderHorizontallyTest()'><b>moveSliderHorizontallyTest</b><br>Test class: pageobjectstests.HorizontalSliderPageTest</td>
<td></td>
<td>0</td>
<td>pageobjectstests.HorizontalSliderPageTest@7f9a81e8</td></tr>
</table><p>
</body>
</html>