<?xml version="1.0" encoding="UTF-8"?>
<!-- Generated by org.testng.reporters.JUnitXMLReporter -->
<testsuite hostname="LAPTOP-PLT0NM63" ignored="12" name="Surefire test" tests="7" failures="1" timestamp="20 Jul 2022 18:50:58 GMT" time="20.772" errors="0">
  <testcase name="clickUnclickCheckboxesTest" time="0.347" classname="pageobjectstests.CheckboxesPageTest"/>
  <testcase name="contextClickTest" time="0.302" classname="pageobjectstests.ContextMenuPageTest"/>
  <testcase name="dropDownPageTest" time="0.385" classname="pageobjectstests.DropDownPageTest"/>
  <testcase name="isFileUploadingTest" time="0.458" classname="pageobjectstests.FileUploadPageTest"/>
  <testcase name="formAuthenticationLoginTest" time="0.557" classname="pageobjectstests.FormAuthenticationPageTest">
    <failure type="java.lang.AssertionError" message="expected [You logged into a secure area!
Ã—] but found [You logged into a secure area!
×]">
      <![CDATA[java.lang.AssertionError: expected [You logged into a secure area!
Ã—] but found [You logged into a secure area!
×]
at pageobjectstests.FormAuthenticationPageTest.formAuthenticationLoginTest(FormAuthenticationPageTest.java:25)
... Removed 36 stack frames]]>
    </failure>
  </testcase> <!-- formAuthenticationLoginTest -->
  <testcase name="moveSliderHorizontallyTest" time="0.638" classname="pageobjectstests.HorizontalSliderPageTest"/>
  <testcase name="hoverOverProfileAndClickTest" time="0.503" classname="pageobjectstests.HoversPageTest"/>
  <testcase name="@BeforeSuite extentSetup" time="0.0" classname="browserdriver.BrowserDriver">
    <ignored/>
  </testcase> <!-- @BeforeSuite extentSetup -->
  <testcase name="@BeforeSuite extentSetup" time="0.0" classname="browserdriver.BrowserDriver">
    <ignored/>
  </testcase> <!-- @BeforeSuite extentSetup -->
  <testcase name="@BeforeSuite extentSetup" time="0.0" classname="browserdriver.BrowserDriver">
    <ignored/>
  </testcase> <!-- @BeforeSuite extentSetup -->
  <testcase name="@BeforeSuite extentSetup" time="0.0" classname="browserdriver.BrowserDriver">
    <ignored/>
  </testcase> <!-- @BeforeSuite extentSetup -->
  <testcase name="@BeforeSuite extentSetup" time="0.0" classname="browserdriver.BrowserDriver">
    <ignored/>
  </testcase> <!-- @BeforeSuite extentSetup -->
  <testcase name="@BeforeSuite extentSetup" time="0.0" classname="browserdriver.BrowserDriver">
    <ignored/>
  </testcase> <!-- @BeforeSuite extentSetup -->
  <testcase name="@AfterSuite generateReport" time="0.0" classname="browserdriver.BrowserDriver">
    <ignored/>
  </testcase> <!-- @AfterSuite generateReport -->
  <testcase name="@AfterSuite generateReport" time="0.0" classname="browserdriver.BrowserDriver">
    <ignored/>
  </testcase> <!-- @AfterSuite generateReport -->
  <testcase name="@AfterSuite generateReport" time="0.0" classname="browserdriver.BrowserDriver">
    <ignored/>
  </testcase> <!-- @AfterSuite generateReport -->
  <testcase name="@AfterSuite generateReport" time="0.0" classname="browserdriver.BrowserDriver">
    <ignored/>
  </testcase> <!-- @AfterSuite generateReport -->
  <testcase name="@AfterSuite generateReport" time="0.0" classname="browserdriver.BrowserDriver">
    <ignored/>
  </testcase> <!-- @AfterSuite generateReport -->
  <testcase name="@AfterSuite generateReport" time="0.0" classname="browserdriver.BrowserDriver">
    <ignored/>
  </testcase> <!-- @AfterSuite generateReport -->
</testsuite> <!-- Surefire test -->
