<?xml version="1.0" encoding="UTF-8"?>
<testng-results skipped="0" failed="1" ignored="12" total="19" passed="6">
  <reporter-output>
    <line>
      <![CDATA[Extent Report DirectoryC:\Users\rubal\IdeaProjects\B2201WebAutomationFrameworkReview-main\herokuapp\target\surefire-reports\html]]>
    </line>
  </reporter-output>
  <suite name="Surefire suite" duration-ms="20772" started-at="2022-07-20T18:50:37Z" finished-at="2022-07-20T18:50:58Z">
    <groups>
    </groups>
    <test name="Surefire test" duration-ms="20772" started-at="2022-07-20T18:50:37Z" finished-at="2022-07-20T18:50:58Z">
      <class name="pageobjectstests.HoversPageTest">
        <test-method status="PASS" signature="setUp()[pri:0, instance:pageobjectstests.HoversPageTest@9629756]" name="setUp" is-config="true" duration-ms="1640" started-at="2022-07-20T18:50:55Z" finished-at="2022-07-20T18:50:57Z">
          <reporter-output>
          </reporter-output>
        </test-method> <!-- setUp -->
        <test-method status="PASS" signature="startExtent(java.lang.reflect.Method)[pri:0, instance:pageobjectstests.HoversPageTest@9629756]" name="startExtent" is-config="true" duration-ms="0" started-at="2022-07-20T18:50:57Z" finished-at="2022-07-20T18:50:57Z">
          <params>
            <param index="0">
              <value>
                <![CDATA[public void pageobjectstests.HoversPageTest.hoverOverProfileAndClickTest()]]>
              </value>
            </param>
          </params>
          <reporter-output>
          </reporter-output>
        </test-method> <!-- startExtent -->
        <test-method status="PASS" signature="initializeElements()[pri:0, instance:pageobjectstests.HoversPageTest@9629756]" name="initializeElements" is-config="true" duration-ms="1" started-at="2022-07-20T18:50:57Z" finished-at="2022-07-20T18:50:57Z">
          <reporter-output>
          </reporter-output>
        </test-method> <!-- initializeElements -->
        <test-method status="PASS" signature="hoverOverProfileAndClickTest()[pri:0, instance:pageobjectstests.HoversPageTest@9629756]" name="hoverOverProfileAndClickTest" duration-ms="503" started-at="2022-07-20T18:50:57Z" finished-at="2022-07-20T18:50:57Z">
          <reporter-output>
          </reporter-output>
        </test-method> <!-- hoverOverProfileAndClickTest -->
        <test-method status="PASS" signature="afterEachTestMethod(org.testng.ITestResult)[pri:0, instance:pageobjectstests.HoversPageTest@9629756]" name="afterEachTestMethod" is-config="true" duration-ms="774" started-at="2022-07-20T18:50:57Z" finished-at="2022-07-20T18:50:58Z">
          <params>
            <param index="0">
              <value>
                <![CDATA[[TestResult name=hoverOverProfileAndClickTest status=SUCCESS method=HoversPageTest.hoverOverProfileAndClickTest()[pri:0, instance:pageobjectstests.HoversPageTest@9629756] output={null}]]]>
              </value>
            </param>
          </params>
          <reporter-output>
          </reporter-output>
        </test-method> <!-- afterEachTestMethod -->
        <test-method status="PASS" signature="cleanUP()[pri:0, instance:pageobjectstests.HoversPageTest@9629756]" name="cleanUP" is-config="true" duration-ms="1" started-at="2022-07-20T18:50:58Z" finished-at="2022-07-20T18:50:58Z">
          <reporter-output>
          </reporter-output>
        </test-method> <!-- cleanUP -->
      </class> <!-- pageobjectstests.HoversPageTest -->
      <class name="pageobjectstests.HorizontalSliderPageTest">
        <test-method status="PASS" signature="setUp()[pri:0, instance:pageobjectstests.HorizontalSliderPageTest@7f9a81e8]" name="setUp" is-config="true" duration-ms="1674" started-at="2022-07-20T18:50:52Z" finished-at="2022-07-20T18:50:54Z">
          <reporter-output>
          </reporter-output>
        </test-method> <!-- setUp -->
        <test-method status="PASS" signature="startExtent(java.lang.reflect.Method)[pri:0, instance:pageobjectstests.HorizontalSliderPageTest@7f9a81e8]" name="startExtent" is-config="true" duration-ms="0" started-at="2022-07-20T18:50:54Z" finished-at="2022-07-20T18:50:54Z">
          <params>
            <param index="0">
              <value>
                <![CDATA[public void pageobjectstests.HorizontalSliderPageTest.moveSliderHorizontallyTest()]]>
              </value>
            </param>
          </params>
          <reporter-output>
          </reporter-output>
        </test-method> <!-- startExtent -->
        <test-method status="PASS" signature="initializeElements()[pri:0, instance:pageobjectstests.HorizontalSliderPageTest@7f9a81e8]" name="initializeElements" is-config="true" duration-ms="2" started-at="2022-07-20T18:50:54Z" finished-at="2022-07-20T18:50:54Z">
          <reporter-output>
          </reporter-output>
        </test-method> <!-- initializeElements -->
        <test-method status="PASS" signature="moveSliderHorizontallyTest()[pri:0, instance:pageobjectstests.HorizontalSliderPageTest@7f9a81e8]" name="moveSliderHorizontallyTest" duration-ms="638" started-at="2022-07-20T18:50:54Z" finished-at="2022-07-20T18:50:54Z">
          <reporter-output>
          </reporter-output>
        </test-method> <!-- moveSliderHorizontallyTest -->
        <test-method status="PASS" signature="afterEachTestMethod(org.testng.ITestResult)[pri:0, instance:pageobjectstests.HorizontalSliderPageTest@7f9a81e8]" name="afterEachTestMethod" is-config="true" duration-ms="696" started-at="2022-07-20T18:50:54Z" finished-at="2022-07-20T18:50:55Z">
          <params>
            <param index="0">
              <value>
                <![CDATA[[TestResult name=moveSliderHorizontallyTest status=SUCCESS method=HorizontalSliderPageTest.moveSliderHorizontallyTest()[pri:0, instance:pageobjectstests.HorizontalSliderPageTest@7f9a81e8] output={null}]]]>
              </value>
            </param>
          </params>
          <reporter-output>
          </reporter-output>
        </test-method> <!-- afterEachTestMethod -->
        <test-method status="PASS" signature="cleanUP()[pri:0, instance:pageobjectstests.HorizontalSliderPageTest@7f9a81e8]" name="cleanUP" is-config="true" duration-ms="0" started-at="2022-07-20T18:50:55Z" finished-at="2022-07-20T18:50:55Z">
          <reporter-output>
          </reporter-output>
        </test-method> <!-- cleanUP -->
      </class> <!-- pageobjectstests.HorizontalSliderPageTest -->
      <class name="pageobjectstests.DropDownPageTest">
        <test-method status="PASS" signature="setUp()[pri:0, instance:pageobjectstests.DropDownPageTest@5034c75a]" name="setUp" is-config="true" duration-ms="1570" started-at="2022-07-20T18:50:44Z" finished-at="2022-07-20T18:50:45Z">
          <reporter-output>
          </reporter-output>
        </test-method> <!-- setUp -->
        <test-method status="PASS" signature="startExtent(java.lang.reflect.Method)[pri:0, instance:pageobjectstests.DropDownPageTest@5034c75a]" name="startExtent" is-config="true" duration-ms="0" started-at="2022-07-20T18:50:45Z" finished-at="2022-07-20T18:50:45Z">
          <params>
            <param index="0">
              <value>
                <![CDATA[public void pageobjectstests.DropDownPageTest.dropDownPageTest()]]>
              </value>
            </param>
          </params>
          <reporter-output>
          </reporter-output>
        </test-method> <!-- startExtent -->
        <test-method status="PASS" signature="InitializeElements()[pri:0, instance:pageobjectstests.DropDownPageTest@5034c75a]" name="InitializeElements" is-config="true" duration-ms="2" started-at="2022-07-20T18:50:45Z" finished-at="2022-07-20T18:50:45Z">
          <reporter-output>
          </reporter-output>
        </test-method> <!-- InitializeElements -->
        <test-method status="PASS" signature="dropDownPageTest()[pri:0, instance:pageobjectstests.DropDownPageTest@5034c75a]" name="dropDownPageTest" duration-ms="385" started-at="2022-07-20T18:50:45Z" finished-at="2022-07-20T18:50:46Z">
          <reporter-output>
          </reporter-output>
        </test-method> <!-- dropDownPageTest -->
        <test-method status="PASS" signature="afterEachTestMethod(org.testng.ITestResult)[pri:0, instance:pageobjectstests.DropDownPageTest@5034c75a]" name="afterEachTestMethod" is-config="true" duration-ms="704" started-at="2022-07-20T18:50:46Z" finished-at="2022-07-20T18:50:46Z">
          <params>
            <param index="0">
              <value>
                <![CDATA[[TestResult name=dropDownPageTest status=SUCCESS method=DropDownPageTest.dropDownPageTest()[pri:0, instance:pageobjectstests.DropDownPageTest@5034c75a] output={null}]]]>
              </value>
            </param>
          </params>
          <reporter-output>
          </reporter-output>
        </test-method> <!-- afterEachTestMethod -->
        <test-method status="PASS" signature="cleanUP()[pri:0, instance:pageobjectstests.DropDownPageTest@5034c75a]" name="cleanUP" is-config="true" duration-ms="1" started-at="2022-07-20T18:50:46Z" finished-at="2022-07-20T18:50:46Z">
          <reporter-output>
          </reporter-output>
        </test-method> <!-- cleanUP -->
      </class> <!-- pageobjectstests.DropDownPageTest -->
      <class name="pageobjectstests.CheckboxesPageTest">
        <test-method status="PASS" signature="extentSetup(org.testng.ITestContext)[pri:0, instance:pageobjectstests.CheckboxesPageTest@6d00a15d]" name="extentSetup" is-config="true" duration-ms="127" started-at="2022-07-20T18:50:37Z" finished-at="2022-07-20T18:50:37Z">
          <params>
            <param index="0">
              <value>
                <![CDATA[org.testng.TestRunner@72458efc]]>
              </value>
            </param>
          </params>
          <reporter-output>
            <line>
              <![CDATA[Extent Report DirectoryC:\Users\rubal\IdeaProjects\B2201WebAutomationFrameworkReview-main\herokuapp\target\surefire-reports\html]]>
            </line>
          </reporter-output>
        </test-method> <!-- extentSetup -->
        <test-method status="PASS" signature="setUp()[pri:0, instance:pageobjectstests.CheckboxesPageTest@6d00a15d]" name="setUp" is-config="true" duration-ms="2297" started-at="2022-07-20T18:50:37Z" finished-at="2022-07-20T18:50:40Z">
          <reporter-output>
          </reporter-output>
        </test-method> <!-- setUp -->
        <test-method status="PASS" signature="startExtent(java.lang.reflect.Method)[pri:0, instance:pageobjectstests.CheckboxesPageTest@6d00a15d]" name="startExtent" is-config="true" duration-ms="4" started-at="2022-07-20T18:50:40Z" finished-at="2022-07-20T18:50:40Z">
          <params>
            <param index="0">
              <value>
                <![CDATA[public void pageobjectstests.CheckboxesPageTest.clickUnclickCheckboxesTest()]]>
              </value>
            </param>
          </params>
          <reporter-output>
          </reporter-output>
        </test-method> <!-- startExtent -->
        <test-method status="PASS" signature="initializeElements()[pri:0, instance:pageobjectstests.CheckboxesPageTest@6d00a15d]" name="initializeElements" is-config="true" duration-ms="26" started-at="2022-07-20T18:50:40Z" finished-at="2022-07-20T18:50:40Z">
          <reporter-output>
          </reporter-output>
        </test-method> <!-- initializeElements -->
        <test-method status="PASS" signature="clickUnclickCheckboxesTest()[pri:0, instance:pageobjectstests.CheckboxesPageTest@6d00a15d]" name="clickUnclickCheckboxesTest" duration-ms="347" started-at="2022-07-20T18:50:40Z" finished-at="2022-07-20T18:50:40Z">
          <reporter-output>
          </reporter-output>
        </test-method> <!-- clickUnclickCheckboxesTest -->
        <test-method status="PASS" signature="afterEachTestMethod(org.testng.ITestResult)[pri:0, instance:pageobjectstests.CheckboxesPageTest@6d00a15d]" name="afterEachTestMethod" is-config="true" duration-ms="905" started-at="2022-07-20T18:50:40Z" finished-at="2022-07-20T18:50:41Z">
          <params>
            <param index="0">
              <value>
                <![CDATA[[TestResult name=clickUnclickCheckboxesTest status=SUCCESS method=CheckboxesPageTest.clickUnclickCheckboxesTest()[pri:0, instance:pageobjectstests.CheckboxesPageTest@6d00a15d] output={null}]]]>
              </value>
            </param>
          </params>
          <reporter-output>
          </reporter-output>
        </test-method> <!-- afterEachTestMethod -->
        <test-method status="PASS" signature="cleanUP()[pri:0, instance:pageobjectstests.CheckboxesPageTest@6d00a15d]" name="cleanUP" is-config="true" duration-ms="1" started-at="2022-07-20T18:50:41Z" finished-at="2022-07-20T18:50:41Z">
          <reporter-output>
          </reporter-output>
        </test-method> <!-- cleanUP -->
        <test-method status="PASS" signature="generateReport()[pri:0, instance:pageobjectstests.CheckboxesPageTest@6d00a15d]" name="generateReport" is-config="true" duration-ms="13" started-at="2022-07-20T18:50:58Z" finished-at="2022-07-20T18:50:58Z">
          <reporter-output>
          </reporter-output>
        </test-method> <!-- generateReport -->
      </class> <!-- pageobjectstests.CheckboxesPageTest -->
      <class name="pageobjectstests.FormAuthenticationPageTest">
        <test-method status="PASS" signature="setUp()[pri:0, instance:pageobjectstests.FormAuthenticationPageTest@51081592]" name="setUp" is-config="true" duration-ms="1567" started-at="2022-07-20T18:50:49Z" finished-at="2022-07-20T18:50:51Z">
          <reporter-output>
          </reporter-output>
        </test-method> <!-- setUp -->
        <test-method status="PASS" signature="startExtent(java.lang.reflect.Method)[pri:0, instance:pageobjectstests.FormAuthenticationPageTest@51081592]" name="startExtent" is-config="true" duration-ms="1" started-at="2022-07-20T18:50:51Z" finished-at="2022-07-20T18:50:51Z">
          <params>
            <param index="0">
              <value>
                <![CDATA[public void pageobjectstests.FormAuthenticationPageTest.formAuthenticationLoginTest()]]>
              </value>
            </param>
          </params>
          <reporter-output>
          </reporter-output>
        </test-method> <!-- startExtent -->
        <test-method status="PASS" signature="initializeElements()[pri:0, instance:pageobjectstests.FormAuthenticationPageTest@51081592]" name="initializeElements" is-config="true" duration-ms="1" started-at="2022-07-20T18:50:51Z" finished-at="2022-07-20T18:50:51Z">
          <reporter-output>
          </reporter-output>
        </test-method> <!-- initializeElements -->
        <test-method status="FAIL" signature="formAuthenticationLoginTest()[pri:0, instance:pageobjectstests.FormAuthenticationPageTest@51081592]" name="formAuthenticationLoginTest" duration-ms="557" started-at="2022-07-20T18:50:51Z" finished-at="2022-07-20T18:50:51Z">
          <exception class="java.lang.AssertionError">
            <message>
              <![CDATA[expected [You logged into a secure area!
Ã—] but found [You logged into a secure area!
×]]]>
            </message>
            <full-stacktrace>
              <![CDATA[java.lang.AssertionError: expected [You logged into a secure area!
Ã—] but found [You logged into a secure area!
×]
at org.testng.Assert.fail(Assert.java:96)
at org.testng.Assert.failNotEquals(Assert.java:776)
at org.testng.Assert.assertEqualsImpl(Assert.java:137)
at org.testng.Assert.assertEquals(Assert.java:118)
at org.testng.Assert.assertEquals(Assert.java:453)
at org.testng.Assert.assertEquals(Assert.java:463)
at pageobjectstests.FormAuthenticationPageTest.formAuthenticationLoginTest(FormAuthenticationPageTest.java:25)
at sun.reflect.NativeMethodAccessorImpl.invoke0(Native Method)
at sun.reflect.NativeMethodAccessorImpl.invoke(NativeMethodAccessorImpl.java:62)
at sun.reflect.DelegatingMethodAccessorImpl.invoke(DelegatingMethodAccessorImpl.java:43)
at java.lang.reflect.Method.invoke(Method.java:498)
at org.testng.internal.MethodInvocationHelper.invokeMethod(MethodInvocationHelper.java:124)
at org.testng.internal.Invoker.invokeMethod(Invoker.java:583)
at org.testng.internal.Invoker.invokeTestMethod(Invoker.java:719)
at org.testng.internal.Invoker.invokeTestMethods(Invoker.java:989)
at org.testng.internal.TestMethodWorker.invokeTestMethods(TestMethodWorker.java:125)
at org.testng.internal.TestMethodWorker.run(TestMethodWorker.java:109)
at org.testng.TestRunner.privateRun(TestRunner.java:648)
at org.testng.TestRunner.run(TestRunner.java:505)
at org.testng.SuiteRunner.runTest(SuiteRunner.java:455)
at org.testng.SuiteRunner.runSequentially(SuiteRunner.java:450)
at org.testng.SuiteRunner.privateRun(SuiteRunner.java:415)
at org.testng.SuiteRunner.run(SuiteRunner.java:364)
at org.testng.SuiteRunnerWorker.runSuite(SuiteRunnerWorker.java:52)
at org.testng.SuiteRunnerWorker.run(SuiteRunnerWorker.java:84)
at org.testng.TestNG.runSuitesSequentially(TestNG.java:1208)
at org.testng.TestNG.runSuitesLocally(TestNG.java:1137)
at org.testng.TestNG.runSuites(TestNG.java:1049)
at org.testng.TestNG.run(TestNG.java:1017)
at org.apache.maven.surefire.testng.TestNGExecutor.run(TestNGExecutor.java:135)
at org.apache.maven.surefire.testng.TestNGDirectoryTestSuite.executeMulti(TestNGDirectoryTestSuite.java:193)
at org.apache.maven.surefire.testng.TestNGDirectoryTestSuite.execute(TestNGDirectoryTestSuite.java:94)
at org.apache.maven.surefire.testng.TestNGProvider.invoke(TestNGProvider.java:146)
at org.apache.maven.surefire.booter.ForkedBooter.invokeProviderInSameClassLoader(ForkedBooter.java:373)
at org.apache.maven.surefire.booter.ForkedBooter.runSuitesInProcess(ForkedBooter.java:334)
at org.apache.maven.surefire.booter.ForkedBooter.execute(ForkedBooter.java:119)
at org.apache.maven.surefire.booter.ForkedBooter.main(ForkedBooter.java:407)
]]>
            </full-stacktrace>
          </exception> <!-- java.lang.AssertionError -->
          <reporter-output>
          </reporter-output>
        </test-method> <!-- formAuthenticationLoginTest -->
        <test-method status="PASS" signature="afterEachTestMethod(org.testng.ITestResult)[pri:0, instance:pageobjectstests.FormAuthenticationPageTest@51081592]" name="afterEachTestMethod" is-config="true" duration-ms="898" started-at="2022-07-20T18:50:51Z" finished-at="2022-07-20T18:50:52Z">
          <params>
            <param index="0">
              <value>
                <![CDATA[[TestResult name=formAuthenticationLoginTest status=FAILURE method=FormAuthenticationPageTest.formAuthenticationLoginTest()[pri:0, instance:pageobjectstests.FormAuthenticationPageTest@51081592] output={null}]]]>
              </value>
            </param>
          </params>
          <reporter-output>
          </reporter-output>
        </test-method> <!-- afterEachTestMethod -->
        <test-method status="PASS" signature="cleanUP()[pri:0, instance:pageobjectstests.FormAuthenticationPageTest@51081592]" name="cleanUP" is-config="true" duration-ms="0" started-at="2022-07-20T18:50:52Z" finished-at="2022-07-20T18:50:52Z">
          <reporter-output>
          </reporter-output>
        </test-method> <!-- cleanUP -->
      </class> <!-- pageobjectstests.FormAuthenticationPageTest -->
      <class name="pageobjectstests.FileUploadPageTest">
        <test-method status="PASS" signature="setUp()[pri:0, instance:pageobjectstests.FileUploadPageTest@396a51ab]" name="setUp" is-config="true" duration-ms="1519" started-at="2022-07-20T18:50:46Z" finished-at="2022-07-20T18:50:48Z">
          <reporter-output>
          </reporter-output>
        </test-method> <!-- setUp -->
        <test-method status="PASS" signature="startExtent(java.lang.reflect.Method)[pri:0, instance:pageobjectstests.FileUploadPageTest@396a51ab]" name="startExtent" is-config="true" duration-ms="0" started-at="2022-07-20T18:50:48Z" finished-at="2022-07-20T18:50:48Z">
          <params>
            <param index="0">
              <value>
                <![CDATA[public void pageobjectstests.FileUploadPageTest.isFileUploadingTest()]]>
              </value>
            </param>
          </params>
          <reporter-output>
          </reporter-output>
        </test-method> <!-- startExtent -->
        <test-method status="PASS" signature="initializeElements()[pri:0, instance:pageobjectstests.FileUploadPageTest@396a51ab]" name="initializeElements" is-config="true" duration-ms="2" started-at="2022-07-20T18:50:48Z" finished-at="2022-07-20T18:50:48Z">
          <reporter-output>
          </reporter-output>
        </test-method> <!-- initializeElements -->
        <test-method status="PASS" signature="isFileUploadingTest()[pri:0, instance:pageobjectstests.FileUploadPageTest@396a51ab]" name="isFileUploadingTest" duration-ms="458" started-at="2022-07-20T18:50:48Z" finished-at="2022-07-20T18:50:48Z">
          <reporter-output>
          </reporter-output>
        </test-method> <!-- isFileUploadingTest -->
        <test-method status="PASS" signature="afterEachTestMethod(org.testng.ITestResult)[pri:0, instance:pageobjectstests.FileUploadPageTest@396a51ab]" name="afterEachTestMethod" is-config="true" duration-ms="764" started-at="2022-07-20T18:50:48Z" finished-at="2022-07-20T18:50:49Z">
          <params>
            <param index="0">
              <value>
                <![CDATA[[TestResult name=isFileUploadingTest status=SUCCESS method=FileUploadPageTest.isFileUploadingTest()[pri:0, instance:pageobjectstests.FileUploadPageTest@396a51ab] output={null}]]]>
              </value>
            </param>
          </params>
          <reporter-output>
          </reporter-output>
        </test-method> <!-- afterEachTestMethod -->
        <test-method status="PASS" signature="cleanUP()[pri:0, instance:pageobjectstests.FileUploadPageTest@396a51ab]" name="cleanUP" is-config="true" duration-ms="0" started-at="2022-07-20T18:50:49Z" finished-at="2022-07-20T18:50:49Z">
          <reporter-output>
          </reporter-output>
        </test-method> <!-- cleanUP -->
      </class> <!-- pageobjectstests.FileUploadPageTest -->
      <class name="pageobjectstests.ContextMenuPageTest">
        <test-method status="PASS" signature="setUp()[pri:0, instance:pageobjectstests.ContextMenuPageTest@51efea79]" name="setUp" is-config="true" duration-ms="1739" started-at="2022-07-20T18:50:41Z" finished-at="2022-07-20T18:50:43Z">
          <reporter-output>
          </reporter-output>
        </test-method> <!-- setUp -->
        <test-method status="PASS" signature="startExtent(java.lang.reflect.Method)[pri:0, instance:pageobjectstests.ContextMenuPageTest@51efea79]" name="startExtent" is-config="true" duration-ms="1" started-at="2022-07-20T18:50:43Z" finished-at="2022-07-20T18:50:43Z">
          <params>
            <param index="0">
              <value>
                <![CDATA[public void pageobjectstests.ContextMenuPageTest.contextClickTest()]]>
              </value>
            </param>
          </params>
          <reporter-output>
          </reporter-output>
        </test-method> <!-- startExtent -->
        <test-method status="PASS" signature="initializeElements()[pri:0, instance:pageobjectstests.ContextMenuPageTest@51efea79]" name="initializeElements" is-config="true" duration-ms="1" started-at="2022-07-20T18:50:43Z" finished-at="2022-07-20T18:50:43Z">
          <reporter-output>
          </reporter-output>
        </test-method> <!-- initializeElements -->
        <test-method status="PASS" signature="contextClickTest()[pri:0, instance:pageobjectstests.ContextMenuPageTest@51efea79]" name="contextClickTest" duration-ms="302" started-at="2022-07-20T18:50:43Z" finished-at="2022-07-20T18:50:43Z">
          <reporter-output>
          </reporter-output>
        </test-method> <!-- contextClickTest -->
        <test-method status="PASS" signature="afterEachTestMethod(org.testng.ITestResult)[pri:0, instance:pageobjectstests.ContextMenuPageTest@51efea79]" name="afterEachTestMethod" is-config="true" duration-ms="757" started-at="2022-07-20T18:50:43Z" finished-at="2022-07-20T18:50:44Z">
          <params>
            <param index="0">
              <value>
                <![CDATA[[TestResult name=contextClickTest status=SUCCESS method=ContextMenuPageTest.contextClickTest()[pri:0, instance:pageobjectstests.ContextMenuPageTest@51efea79] output={null}]]]>
              </value>
            </param>
          </params>
          <reporter-output>
          </reporter-output>
        </test-method> <!-- afterEachTestMethod -->
        <test-method status="PASS" signature="cleanUP()[pri:0, instance:pageobjectstests.ContextMenuPageTest@51efea79]" name="cleanUP" is-config="true" duration-ms="0" started-at="2022-07-20T18:50:44Z" finished-at="2022-07-20T18:50:44Z">
          <reporter-output>
          </reporter-output>
        </test-method> <!-- cleanUP -->
      </class> <!-- pageobjectstests.ContextMenuPageTest -->
    </test> <!-- Surefire test -->
  </suite> <!-- Surefire suite -->
</testng-results>
